--- reload start 2019-03-12T18:44:12+01:00 ---
build webpack for production

> universitas.no@2.3.6 build /app
> webpack-cli --config=webpack.prod.config.js


> universitas.no@2.3.6 buildssr /app
> webpack-cli --mode=production --config webpack.server.config.js 

Hash: 06e27b9a144ba4dda6a0
Version: webpack 4.29.6
Time: 1208ms
Built at: 03/12/2019 5:44:15 PM
 3 assets
Entrypoint server = server.js
  [0] external "react-hot-loader" 42 bytes {0} [built]
  [1] (webpack)/buildin/harmony-module.js 573 bytes {0} [built]
  [4] external "react" 42 bytes {0} [built]
  [5] external "ramda" 42 bytes {0} [built]
  [8] external "react-redux" 42 bytes {0} [built]
  [9] external "core-js/modules/web.dom.iterable" 42 bytes {0} [built]
 [10] external "core-js/modules/es6.array.iterator" 42 bytes {0} [built]
 [11] external "core-js/modules/es6.array.map" 42 bytes {0} [built]
 [13] external "core-js/modules/es6.object.keys" 42 bytes {0} [built]
 [15] external "core-js/modules/es6.object.define-property" 42 bytes {0} [built]
 [16] external "core-js/modules/es6.array.filter" 42 bytes {0} [built]
 [21] external "core-js/modules/es6.array.for-each" 42 bytes {0} [built]
 [27] external "core-js/modules/es6.regexp.to-string" 42 bytes {0} [built]
 [28] external "core-js/modules/es6.date.to-string" 42 bytes {0} [built]
[133] ./src/universitas/server.js 5.75 KiB {0} [built]
    + 149 hidden modules

ERROR in ./src/universitas/components/NewsFeed/NewsFeed.js
Module not found: Error: Can't resolve 'images/ad_ibok.jpg' in '/app/src/universitas/components/NewsFeed'
 @ ./src/universitas/components/NewsFeed/NewsFeed.js 68:0-38 185:15-19
 @ ./src/universitas/components/NewsFeed/index.js
 @ ./src/universitas/components/PageSwitch/PageSwitch.js
 @ ./src/universitas/components/PageSwitch/index.js
 @ ./src/universitas/App.js
 @ ./src/universitas/server.js
Hash: 86f95aa11371c05d5bcc
Version: webpack 4.29.6
Time: 26849ms
Built at: 03/12/2019 5:44:41 PM
 14 assets
Entrypoint prodsys = commons.6e44fcaa859e.css commons.6e44fcaa859e.js commons.6e44fcaa859e.js.map prodsys.aaf661a58366.css prodsys.aaf661a58366.js prodsys.aaf661a58366.js.map
Entrypoint universitas = commons.6e44fcaa859e.css commons.6e44fcaa859e.js commons.6e44fcaa859e.js.map universitas.30e4f96b246b.css universitas.30e4f96b246b.js universitas.30e4f96b246b.js.map
  [4] (webpack)/buildin/harmony-module.js 573 bytes {0} [built]
  [7] ./node_modules/react-redux/es/index.js + 18 modules 29.8 KiB {0} [built]
      |    19 modules
 [10] ./node_modules/ramda/es/index.js + 291 modules 293 KiB {0} [built]
      |    292 modules
 [22] ./src/universitas/ducks/router.js 5.78 KiB {0} [built]
 [26] ./src/prodsys/ducks/router.js 4.26 KiB {1} [built]
 [33] ./src/common/ducks/auth.js 5.96 KiB {0} [built]
 [68] (webpack)/buildin/global.js 472 bytes {0} [built]
 [78] ./node_modules/redux-saga/dist/redux-saga-core-npm-proxy.esm.js + 2 modules 37.5 KiB {0} [built]
      |    3 modules
[112] ./src/common/utils/misc.js 7.42 KiB {0} [built]
[357] ./src/prodsys/configureStore.js 3.78 KiB {1} [built]
[372] ./src/prodsys/App.js 1.43 KiB {1} [built]
[468] ./src/universitas/configureStore.js 3.62 KiB {2} [built]
[472] ./src/universitas/App.js 1.36 KiB {2} [built]
[499] ./src/prodsys/index.js 2.35 KiB {1} [built]
[732] ./src/universitas/index.js 2.65 KiB {2} [built]
    + 774 hidden modules

WARNING in ./src/prodsys/sagas/basemodelSaga.js 378:22-27
"export 'delay' was not found in 'redux-saga'
 @ ./src/prodsys/saga.js
 @ ./src/prodsys/configureStore.js
 @ ./src/prodsys/index.js

WARNING in ./src/prodsys/sagas/basemodelSaga.js 504:22-27
"export 'delay' was not found in 'redux-saga'
 @ ./src/prodsys/saga.js
 @ ./src/prodsys/configureStore.js
 @ ./src/prodsys/index.js

WARNING in ./src/prodsys/sagas/uploadSaga.js 444:22-27
"export 'delay' was not found in 'redux-saga'
 @ ./src/prodsys/saga.js
 @ ./src/prodsys/configureStore.js
 @ ./src/prodsys/index.js

WARNING in ./src/universitas/sagas/frontPageSaga.js 315:22-27
"export 'delay' was not found in 'redux-saga'
 @ ./src/universitas/saga.js
 @ ./src/universitas/configureStore.js
 @ ./src/universitas/index.js

WARNING in ./src/universitas/sagas/frontPageSaga.js 370:22-27
"export 'delay' was not found in 'redux-saga'
 @ ./src/universitas/saga.js
 @ ./src/universitas/configureStore.js
 @ ./src/universitas/index.js

WARNING in ./src/universitas/sagas/frontPageSaga.js 506:22-27
"export 'delay' was not found in 'redux-saga'
 @ ./src/universitas/saga.js
 @ ./src/universitas/configureStore.js
 @ ./src/universitas/index.js

WARNING in chunk commons [mini-css-extract-plugin]
Conflicting order between:
 * css ./node_modules/css-loader/dist/cjs.js??ref--5-1!./node_modules/postcss-loader/src??ref--5-2!./node_modules/sass-loader/lib/loader.js??ref--5-3!./src/universitas/components/NewsFeed/NewsFeed.scss
 * css ./node_modules/css-loader/dist/cjs.js??ref--5-1!./node_modules/postcss-loader/src??ref--5-2!./node_modules/sass-loader/lib/loader.js??ref--5-3!./src/universitas/styles/universitas.scss

WARNING in chunk commons [mini-css-extract-plugin]
Conflicting order between:
 * css ./node_modules/css-loader/dist/cjs.js??ref--5-1!./node_modules/postcss-loader/src??ref--5-2!./node_modules/sass-loader/lib/loader.js??ref--5-3!./src/universitas/components/Story/Story.scss
 * css ./node_modules/css-loader/dist/cjs.js??ref--5-1!./node_modules/postcss-loader/src??ref--5-2!./node_modules/sass-loader/lib/loader.js??ref--5-3!./src/universitas/components/NewsFeed/PlaceHolder.scss
 * css ./node_modules/css-loader/dist/cjs.js??ref--5-1!./node_modules/postcss-loader/src??ref--5-2!./node_modules/sass-loader/lib/loader.js??ref--5-3!./src/universitas/components/NewsFeed/FeedImage.scss
 * css ./node_modules/css-loader/dist/cjs.js??ref--5-1!./node_modules/postcss-loader/src??ref--5-2!./node_modules/sass-loader/lib/loader.js??ref--5-3!./src/universitas/components/Advert/Advert.scss

WARNING in chunk commons [mini-css-extract-plugin]
Conflicting order between:
 * css ./node_modules/css-loader/dist/cjs.js??ref--5-1!./node_modules/postcss-loader/src??ref--5-2!./node_modules/sass-loader/lib/loader.js??ref--5-3!./src/universitas/components/SlideShow/SlideShow.scss
 * css ./node_modules/css-loader/dist/cjs.js??ref--5-1!./node_modules/postcss-loader/src??ref--5-2!./node_modules/sass-loader/lib/loader.js??ref--5-3!./src/universitas/components/NewsFeed/PlaceHolder.scss
 * css ./node_modules/css-loader/dist/cjs.js??ref--5-1!./node_modules/postcss-loader/src??ref--5-2!./node_modules/sass-loader/lib/loader.js??ref--5-3!./src/universitas/components/NewsFeed/FeedImage.scss
 * css ./node_modules/css-loader/dist/cjs.js??ref--5-1!./node_modules/postcss-loader/src??ref--5-2!./node_modules/sass-loader/lib/loader.js??ref--5-3!./src/universitas/components/Advert/Advert.scss

WARNING in chunk commons [mini-css-extract-plugin]
Conflicting order between:
 * css ./node_modules/css-loader/dist/cjs.js??ref--5-1!./node_modules/postcss-loader/src??ref--5-2!./node_modules/sass-loader/lib/loader.js??ref--5-3!./src/universitas/components/Story/StoryImage.scss
 * css ./node_modules/css-loader/dist/cjs.js??ref--5-1!./node_modules/postcss-loader/src??ref--5-2!./node_modules/sass-loader/lib/loader.js??ref--5-3!./src/universitas/components/NewsFeed/PlaceHolder.scss
 * css ./node_modules/css-loader/dist/cjs.js??ref--5-1!./node_modules/postcss-loader/src??ref--5-2!./node_modules/sass-loader/lib/loader.js??ref--5-3!./src/universitas/components/NewsFeed/FeedImage.scss
 * css ./node_modules/css-loader/dist/cjs.js??ref--5-1!./node_modules/postcss-loader/src??ref--5-2!./node_modules/sass-loader/lib/loader.js??ref--5-3!./src/universitas/components/Advert/Advert.scss

WARNING in chunk commons [mini-css-extract-plugin]
Conflicting order between:
 * css ./node_modules/css-loader/dist/cjs.js??ref--5-1!./node_modules/postcss-loader/src??ref--5-2!./node_modules/sass-loader/lib/loader.js??ref--5-3!./src/universitas/components/PageNotFound/PageNotFound.scss
 * css ./node_modules/css-loader/dist/cjs.js??ref--5-1!./node_modules/postcss-loader/src??ref--5-2!./node_modules/sass-loader/lib/loader.js??ref--5-3!./src/universitas/components/NewsFeed/PlaceHolder.scss
 * css ./node_modules/css-loader/dist/cjs.js??ref--5-1!./node_modules/postcss-loader/src??ref--5-2!./node_modules/sass-loader/lib/loader.js??ref--5-3!./src/universitas/components/NewsFeed/FeedImage.scss
 * css ./node_modules/css-loader/dist/cjs.js??ref--5-1!./node_modules/postcss-loader/src??ref--5-2!./node_modules/sass-loader/lib/loader.js??ref--5-3!./src/universitas/components/Advert/Advert.scss

WARNING in chunk commons [mini-css-extract-plugin]
Conflicting order between:
 * css ./node_modules/css-loader/dist/cjs.js??ref--5-1!./node_modules/postcss-loader/src??ref--5-2!./node_modules/sass-loader/lib/loader.js??ref--5-3!./src/universitas/components/RelatedStory/RelatedStory.scss
 * css ./node_modules/css-loader/dist/cjs.js??ref--5-1!./node_modules/postcss-loader/src??ref--5-2!./node_modules/sass-loader/lib/loader.js??ref--5-3!./src/universitas/components/NewsFeed/PlaceHolder.scss
 * css ./node_modules/css-loader/dist/cjs.js??ref--5-1!./node_modules/postcss-loader/src??ref--5-2!./node_modules/sass-loader/lib/loader.js??ref--5-3!./src/universitas/components/NewsFeed/FeedImage.scss
 * css ./node_modules/css-loader/dist/cjs.js??ref--5-1!./node_modules/postcss-loader/src??ref--5-2!./node_modules/sass-loader/lib/loader.js??ref--5-3!./src/universitas/components/Advert/Advert.scss

WARNING in chunk commons [mini-css-extract-plugin]
Conflicting order between:
 * css ./node_modules/css-loader/dist/cjs.js??ref--5-1!./node_modules/postcss-loader/src??ref--5-2!./node_modules/sass-loader/lib/loader.js??ref--5-3!./src/universitas/components/Advert/Advert.scss
 * css ./node_modules/css-loader/dist/cjs.js??ref--5-1!./node_modules/postcss-loader/src??ref--5-2!./node_modules/sass-loader/lib/loader.js??ref--5-3!./src/universitas/components/NewsFeed/FeedImage.scss
 * css ./node_modules/css-loader/dist/cjs.js??ref--5-1!./node_modules/postcss-loader/src??ref--5-2!./node_modules/sass-loader/lib/loader.js??ref--5-3!./src/universitas/components/LoadingIndicator/LoadingIndicator.scss

WARNING in chunk commons [mini-css-extract-plugin]
Conflicting order between:
 * css ./node_modules/css-loader/dist/cjs.js??ref--5-1!./node_modules/postcss-loader/src??ref--5-2!./node_modules/sass-loader/lib/loader.js??ref--5-3!./src/universitas/components/NewsFeed/FeedImage.scss
 * css ./node_modules/css-loader/dist/cjs.js??ref--5-1!./node_modules/postcss-loader/src??ref--5-2!./node_modules/sass-loader/lib/loader.js??ref--5-3!./src/universitas/components/LoadingIndicator/LoadingIndicator.scss

WARNING in chunk commons [mini-css-extract-plugin]
Conflicting order between:
 * css ./node_modules/css-loader/dist/cjs.js??ref--5-1!./node_modules/postcss-loader/src??ref--5-2!./node_modules/sass-loader/lib/loader.js??ref--5-3!./src/universitas/components/LoadingIndicator/LoadingIndicator.scss
 * css ./node_modules/css-loader/dist/cjs.js??ref--5-1!./node_modules/postcss-loader/src??ref--5-2!./node_modules/sass-loader/lib/loader.js??ref--5-3!./src/universitas/components/NewsFeed/PlaceHolder.scss

ERROR in ./src/universitas/components/NewsFeed/NewsFeed.js
Module not found: Error: Can't resolve 'images/ad_ibok.jpg' in '/app/src/universitas/components/NewsFeed'
 @ ./src/universitas/components/NewsFeed/NewsFeed.js 68:0-38 185:15-19
 @ ./src/universitas/components/NewsFeed/index.js
 @ ./src/universitas/components/PageSwitch/PageSwitch.js
 @ ./src/universitas/components/PageSwitch/index.js
 @ ./src/universitas/App.js
 @ ./src/universitas/index.js
Child mini-css-extract-plugin node_modules/css-loader/dist/cjs.js??ref--5-1!node_modules/postcss-loader/src/index.js??ref--5-2!node_modules/sass-loader/lib/loader.js??ref--5-3!src/common/components/RavenBoundary/RavenBoundary.scss:
    Entrypoint mini-css-extract-plugin = *
       2 modules
Child mini-css-extract-plugin node_modules/css-loader/dist/cjs.js??ref--5-1!node_modules/postcss-loader/src/index.js??ref--5-2!node_modules/sass-loader/lib/loader.js??ref--5-3!src/prodsys/components/FileInput/FileInput.scss:
    Entrypoint mini-css-extract-plugin = *
       2 modules
Child mini-css-extract-plugin node_modules/css-loader/dist/cjs.js??ref--5-1!node_modules/postcss-loader/src/index.js??ref--5-2!node_modules/sass-loader/lib/loader.js??ref--5-3!src/prodsys/components/Info/Info.scss:
    Entrypoint mini-css-extract-plugin = *
       2 modules
Child mini-css-extract-plugin node_modules/css-loader/dist/cjs.js??ref--5-1!node_modules/postcss-loader/src/index.js??ref--5-2!node_modules/sass-loader/lib/loader.js??ref--5-3!src/prodsys/components/ModelField/modelfield.scss:
    Entrypoint mini-css-extract-plugin = *
    [3] ./src/common/images/chevron.svg 257 bytes {0} [built]
        + 3 hidden modules
Child mini-css-extract-plugin node_modules/css-loader/dist/cjs.js??ref--5-1!node_modules/postcss-loader/src/index.js??ref--5-2!node_modules/sass-loader/lib/loader.js??ref--5-3!src/prodsys/components/Panel/Panel.scss:
    Entrypoint mini-css-extract-plugin = *
       2 modules
Child mini-css-extract-plugin node_modules/css-loader/dist/cjs.js??ref--5-1!node_modules/postcss-loader/src/index.js??ref--5-2!node_modules/sass-loader/lib/loader.js??ref--5-3!src/prodsys/components/PreviewIframe/PreviewIframe.scss:
    Entrypoint mini-css-extract-plugin = *
       2 modules
Child mini-css-extract-plugin node_modules/css-loader/dist/cjs.js??ref--5-1!node_modules/postcss-loader/src/index.js??ref--5-2!node_modules/sass-loader/lib/loader.js??ref--5-3!src/prodsys/components/PreviewIframe/ZoomControl.scss:
    Entrypoint mini-css-extract-plugin = *
       2 modules
Child mini-css-extract-plugin node_modules/css-loader/dist/cjs.js??ref--5-1!node_modules/postcss-loader/src/index.js??ref--5-2!node_modules/sass-loader/lib/loader.js??ref--5-3!src/prodsys/components/Select/Select.scss:
    Entrypoint mini-css-extract-plugin = *
       2 modules
Child mini-css-extract-plugin node_modules/css-loader/dist/cjs.js??ref--5-1!node_modules/postcss-loader/src/index.js??ref--5-2!node_modules/sass-loader/lib/loader.js??ref--5-3!src/prodsys/components/Throbber/Throbber.scss:
    Entrypoint mini-css-extract-plugin = *
       2 modules
Child mini-css-extract-plugin node_modules/css-loader/dist/cjs.js??ref--5-1!node_modules/postcss-loader/src/index.js??ref--5-2!node_modules/sass-loader/lib/loader.js??ref--5-3!src/prodsys/components/Thumb/Thumb.scss:
    Entrypoint mini-css-extract-plugin = *
       2 modules
Child mini-css-extract-plugin node_modules/css-loader/dist/cjs.js??ref--5-1!node_modules/postcss-loader/src/index.js??ref--5-2!node_modules/sass-loader/lib/loader.js??ref--5-3!src/prodsys/components/frontpage/FrontpageGrid.scss:
    Entrypoint mini-css-extract-plugin = *
       2 modules
Child mini-css-extract-plugin node_modules/css-loader/dist/cjs.js??ref--5-1!node_modules/postcss-loader/src/index.js??ref--5-2!node_modules/sass-loader/lib/loader.js??ref--5-3!src/prodsys/components/frontpage/GridWidget.scss:
    Entrypoint mini-css-extract-plugin = *
       2 modules
Child mini-css-extract-plugin node_modules/css-loader/dist/cjs.js??ref--5-1!node_modules/postcss-loader/src/index.js??ref--5-2!node_modules/sass-loader/lib/loader.js??ref--5-3!src/prodsys/components/frontpage/StyleButton.scss:
    Entrypoint mini-css-extract-plugin = *
       2 modules
Child mini-css-extract-plugin node_modules/css-loader/dist/cjs.js??ref--5-1!node_modules/postcss-loader/src/index.js??ref--5-2!node_modules/sass-loader/lib/loader.js??ref--5-3!src/prodsys/components/photos/PhotoGrid.scss:
    Entrypoint mini-css-extract-plugin = *
       2 modules
Child mini-css-extract-plugin node_modules/css-loader/dist/cjs.js??ref--5-1!node_modules/postcss-loader/src/index.js??ref--5-2!node_modules/sass-loader/lib/loader.js??ref--5-3!src/prodsys/components/stories/StoryTable.scss:
    Entrypoint mini-css-extract-plugin = *
       2 modules
Child mini-css-extract-plugin node_modules/css-loader/dist/cjs.js??ref--5-1!node_modules/postcss-loader/src/index.js??ref--5-2!node_modules/sass-loader/lib/loader.js??ref--5-3!src/prodsys/components/storyimages/StoryImage.scss:
    Entrypoint mini-css-extract-plugin = *
       2 modules
Child mini-css-extract-plugin node_modules/css-loader/dist/cjs.js??ref--5-1!node_modules/postcss-loader/src/index.js??ref--5-2!node_modules/sass-loader/lib/loader.js??ref--5-3!src/prodsys/components/tool/Tool.scss:
    Entrypoint mini-css-extract-plugin = *
       2 modules
Child mini-css-extract-plugin node_modules/css-loader/dist/cjs.js??ref--5-1!node_modules/postcss-loader/src/index.js??ref--5-2!node_modules/sass-loader/lib/loader.js??ref--5-3!src/prodsys/styles/prodsys.scss:
    Entrypoint mini-css-extract-plugin = *
    [0] ./node_modules/css-loader/dist/cjs.js??ref--5-1!./node_modules/postcss-loader/src??ref--5-2!./node_modules/sass-loader/lib/loader.js??ref--5-3!./src/prodsys/styles/prodsys.scss 64.7 KiB {0} [built]
        + 1 hidden module
Child mini-css-extract-plugin node_modules/css-loader/dist/cjs.js??ref--5-1!node_modules/postcss-loader/src/index.js??ref--5-2!node_modules/sass-loader/lib/loader.js??ref--5-3!src/universitas/components/Advert/Advert.scss:
    Entrypoint mini-css-extract-plugin = *
       2 modules
Child mini-css-extract-plugin node_modules/css-loader/dist/cjs.js??ref--5-1!node_modules/postcss-loader/src/index.js??ref--5-2!node_modules/sass-loader/lib/loader.js??ref--5-3!src/universitas/components/ContactCard/ContactCard.scss:
    Entrypoint mini-css-extract-plugin = *
       2 modules
Child mini-css-extract-plugin node_modules/css-loader/dist/cjs.js??ref--5-1!node_modules/postcss-loader/src/index.js??ref--5-2!node_modules/sass-loader/lib/loader.js??ref--5-3!src/universitas/components/FrontpageEdit/FrontpageEdit.scss:
    Entrypoint mini-css-extract-plugin = *
       2 modules
Child mini-css-extract-plugin node_modules/css-loader/dist/cjs.js??ref--5-1!node_modules/postcss-loader/src/index.js??ref--5-2!node_modules/sass-loader/lib/loader.js??ref--5-3!src/universitas/components/LoadingIndicator/LoadingIndicator.scss:
    Entrypoint mini-css-extract-plugin = *
       2 modules
Child mini-css-extract-plugin node_modules/css-loader/dist/cjs.js??ref--5-1!node_modules/postcss-loader/src/index.js??ref--5-2!node_modules/sass-loader/lib/loader.js??ref--5-3!src/universitas/components/NewsFeed/FeedImage.scss:
    Entrypoint mini-css-extract-plugin = *
       2 modules
Child mini-css-extract-plugin node_modules/css-loader/dist/cjs.js??ref--5-1!node_modules/postcss-loader/src/index.js??ref--5-2!node_modules/sass-loader/lib/loader.js??ref--5-3!src/universitas/components/NewsFeed/NewsFeed.scss:
    Entrypoint mini-css-extract-plugin = *
       2 modules
Child mini-css-extract-plugin node_modules/css-loader/dist/cjs.js??ref--5-1!node_modules/postcss-loader/src/index.js??ref--5-2!node_modules/sass-loader/lib/loader.js??ref--5-3!src/universitas/components/NewsFeed/PlaceHolder.scss:
    Entrypoint mini-css-extract-plugin = *
       2 modules
Child mini-css-extract-plugin node_modules/css-loader/dist/cjs.js??ref--5-1!node_modules/postcss-loader/src/index.js??ref--5-2!node_modules/sass-loader/lib/loader.js??ref--5-3!src/universitas/components/PageNotFound/PageNotFound.scss:
    Entrypoint mini-css-extract-plugin = *
       2 modules
Child mini-css-extract-plugin node_modules/css-loader/dist/cjs.js??ref--5-1!node_modules/postcss-loader/src/index.js??ref--5-2!node_modules/sass-loader/lib/loader.js??ref--5-3!src/universitas/components/PageSwitch/PageSwitch.scss:
    Entrypoint mini-css-extract-plugin = *
       2 modules
Child mini-css-extract-plugin node_modules/css-loader/dist/cjs.js??ref--5-1!node_modules/postcss-loader/src/index.js??ref--5-2!node_modules/sass-loader/lib/loader.js??ref--5-3!src/universitas/components/Pages/PdfList/PdfList.scss:
    Entrypoint mini-css-extract-plugin = *
       2 modules
Child mini-css-extract-plugin node_modules/css-loader/dist/cjs.js??ref--5-1!node_modules/postcss-loader/src/index.js??ref--5-2!node_modules/sass-loader/lib/loader.js??ref--5-3!src/universitas/components/Pages/PublicationTable/PublicationTable.scss:
    Entrypoint mini-css-extract-plugin = *
       2 modules
Child mini-css-extract-plugin node_modules/css-loader/dist/cjs.js??ref--5-1!node_modules/postcss-loader/src/index.js??ref--5-2!node_modules/sass-loader/lib/loader.js??ref--5-3!src/universitas/components/Pages/YearNavigation/YearNavigation.scss:
    Entrypoint mini-css-extract-plugin = *
       2 modules
Child mini-css-extract-plugin node_modules/css-loader/dist/cjs.js??ref--5-1!node_modules/postcss-loader/src/index.js??ref--5-2!node_modules/sass-loader/lib/loader.js??ref--5-3!src/universitas/components/Pages/page.scss:
    Entrypoint mini-css-extract-plugin = *
       2 modules
Child mini-css-extract-plugin node_modules/css-loader/dist/cjs.js??ref--5-1!node_modules/postcss-loader/src/index.js??ref--5-2!node_modules/sass-loader/lib/loader.js??ref--5-3!src/universitas/components/RelatedStory/RelatedStory.scss:
    Entrypoint mini-css-extract-plugin = *
       2 modules
Child mini-css-extract-plugin node_modules/css-loader/dist/cjs.js??ref--5-1!node_modules/postcss-loader/src/index.js??ref--5-2!node_modules/sass-loader/lib/loader.js??ref--5-3!src/universitas/components/SlideShow/SlideShow.scss:
    Entrypoint mini-css-extract-plugin = *
       2 modules
Child mini-css-extract-plugin node_modules/css-loader/dist/cjs.js??ref--5-1!node_modules/postcss-loader/src/index.js??ref--5-2!node_modules/sass-loader/lib/loader.js??ref--5-3!src/universitas/components/Story/Story.scss:
    Entrypoint mini-css-extract-plugin = *
       2 modules
Child mini-css-extract-plugin node_modules/css-loader/dist/cjs.js??ref--5-1!node_modules/postcss-loader/src/index.js??ref--5-2!node_modules/sass-loader/lib/loader.js??ref--5-3!src/universitas/components/Story/StoryImage.scss:
    Entrypoint mini-css-extract-plugin = *
       2 modules
Child mini-css-extract-plugin node_modules/css-loader/dist/cjs.js??ref--5-1!node_modules/postcss-loader/src/index.js??ref--5-2!node_modules/sass-loader/lib/loader.js??ref--5-3!src/universitas/components/TopMenu/Menu.scss:
    Entrypoint mini-css-extract-plugin = *
       2 modules
Child mini-css-extract-plugin node_modules/css-loader/dist/cjs.js??ref--5-1!node_modules/postcss-loader/src/index.js??ref--5-2!node_modules/sass-loader/lib/loader.js??ref--5-3!src/universitas/styles/universitas.scss:
    Entrypoint mini-css-extract-plugin = *
    [0] ./node_modules/css-loader/dist/cjs.js??ref--5-1!./node_modules/postcss-loader/src??ref--5-2!./node_modules/sass-loader/lib/loader.js??ref--5-3!./src/universitas/styles/universitas.scss 139 KiB {0} [built]
        + 1 hidden module
Operations to perform:
  Apply all migrations: account, admin, adverts, auth, authtoken, contenttypes, contributors, frontpage, issues, photo, sessions, sites, socialaccount, stories, thumbnail
Running migrations:
  Applying contenttypes.0001_initial... OK
  Applying auth.0001_initial... OK
  Applying account.0001_initial... OK
  Applying account.0002_email_max_length... OK
  Applying admin.0001_initial... OK
  Applying admin.0002_logentry_remove_auto_add... OK
  Applying admin.0003_logentry_add_action_flag_choices... OK
  Applying adverts.0001_initial... OK
  Applying adverts.0002_data_ad_formats...Installed 9 object(s) from 1 fixture(s)
 OK
  Applying adverts.0003_universitas_ad_channels...Installed 6 object(s) from 1 fixture(s)
 OK
  Applying adverts.0004_advert_extra_classes... OK
  Applying adverts.0005_auto_20150224_2312... OK
  Applying adverts.0006_auto_20150303_0009... OK
  Applying adverts.0007_auto_20150924_0004... OK
  Applying contenttypes.0002_remove_content_type_name... OK
  Applying auth.0002_alter_permission_name_max_length... OK
  Applying auth.0003_alter_user_email_max_length... OK
  Applying auth.0004_alter_user_username_opts... OK
  Applying auth.0005_alter_user_last_login_null... OK
  Applying auth.0006_require_contenttypes_0002... OK
  Applying auth.0007_alter_validators_add_error_messages... OK
  Applying auth.0008_alter_user_username_max_length... OK
  Applying auth.0009_alter_user_last_name_max_length... OK
  Applying authtoken.0001_initial... OK
  Applying authtoken.0002_auto_20160226_1747... OK
  Applying contributors.0001_initial... OK
  Applying photo.0001_squashed_0003_auto_20150228_2151... OK
  Applying photo.0002_auto_20150512_1301... OK
  Applying photo.0003_profileimage... OK
  Applying photo.0004_auto_20151014_0004... OK
  Applying contributors.0002_contributor_byline_photo... OK
  Applying contributors.0003_contributor_verified... OK
  Applying contributors.0004_auto_20150512_2248... OK
  Applying contributors.0005_auto_20150512_2253... OK
  Applying contributors.0006_auto_20150512_2307... OK
  Applying contributors.0007_auto_20150512_2314... OK
  Applying contributors.0008_auto_20150513_0006... OK
  Applying contributors.0009_auto_20150924_0005... OK
  Applying contributors.0010_auto_20151013_2307... OK
  Applying contributors.0011_auto_20170927_1506... OK
  Applying contributors.0012_auto_20170927_1904... OK
  Applying contributors.0013_auto_20180327_1557... OK
  Applying contributors.0014_auto_20180405_1626... OK
  Applying contributors.0015_auto_20180421_1957... OK
  Applying contributors.0016_auto_20180813_1616... OK
  Applying contributors.0017_auto_20181219_0107... OK
  Applying issues.0001_initial... OK
  Applying stories.0001_initial... OK
  Applying frontpage.0001_initial... OK
  Applying frontpage.0002_ensure_one_frontpage... OK
  Applying frontpage.0003_frontpagestory_vignette... OK
  Applying frontpage.0004_auto_20150308_0249... OK
  Applying frontpage.0005_auto_20150430_1506... OK
  Applying frontpage.0006_prepare_frontpagemodule_removal... OK
  Applying frontpage.0007_auto_20180503_2351... OK
  Applying frontpage.0008_auto_20180504_0014... OK
  Applying frontpage.0009_frontpagestory_published... OK
  Applying frontpage.0010_auto_20180529_2059... OK
  Applying frontpage.0011_auto_20180831_2338... OK
  Applying frontpage.0012_remove_frontpagestory_order... OK
  Applying issues.0002_auto_20150307_0013... OK
  Applying issues.0003_auto_20150309_2314... OK
  Applying issues.0004_printissue_issue... OK
  Applying issues.0005_data_link_pdf_to_issue... OK
  Applying issues.0006_auto_20150310_0117... OK
  Applying issues.0007_auto_20150421_1938... OK
  Applying issues.0008_issue_issue_name... OK
  Applying issues.0009_auto_20160906_1614... OK
  Applying issues.0010_auto_20160924_2128... OK
  Applying issues.0011_data_load_publication_plan... OK
  Applying issues.0012_auto_20171207_1517... OK
  Applying photo.0005_auto_20151025_2003... OK
  Applying photo.0006_auto_20151025_2149... OK
  Applying photo.0007_auto_20160906_1614... OK
  Applying photo.0008_auto_20170214_1552... OK
  Applying photo.0009_imagefile_crop_box... OK
  Applying photo.0010_data_imagefile_cropbox... OK
  Applying photo.0011_auto_20170422_2232... OK
  Applying photo.0012_imagefile__imagehash... OK
  Applying photo.0013_imagefile_description... OK
  Applying photo.0014_auto_20170920_1826... OK
  Applying photo.0015_imagefile_exif_data... OK
  Applying photo.0016_postgresql_create_trigram_extension... OK
  Applying photo.0017_auto_20171002_1130... OK
  Applying photo.0018_auto_20171207_1517... OK
  Applying photo.0019_imagefile_stat_jsonfield... OK
  Applying photo.0020_auto_20180327_1603... OK
  Applying photo.0021_auto_20180412_1610... OK
  Applying photo.0022_auto_20180412_2318... OK
  Applying photo.0023_filename_field... OK
  Applying photo.0024_auto_20180421_1957... OK
  Applying photo.0025_unique_together_story_image... OK
  Applying photo.0026_auto_20180503_2147... OK
  Applying photo.0027_auto_20180813_1616... OK
  Applying photo.0028_auto_20180831_2338... OK
  Applying photo.0029_auto_20181023_0021... OK
  Applying photo.0030_auto_20181027_0035... OK
  Applying photo.0031_auto_20181117_0241... OK
  Applying sessions.0001_initial... OK
  Applying sites.0001_initial... OK
  Applying sites.0002_alter_domain_unique... OK
  Applying socialaccount.0001_initial... OK
  Applying socialaccount.0002_token_max_lengths... OK
  Applying socialaccount.0003_extra_data_default_dict... OK
  Applying stories.0002_data_load_sections_and_storytypes... OK
  Applying stories.0003_auto_20180429_1245... OK
  Applying stories.0004_story_url... OK
  Applying stories.0005_auto_20180529_2059... OK
  Applying stories.0006_storychild_placement_and_ordering... OK
  Applying stories.0007_auto_20180617_1828... OK
  Applying stories.0008_remove_story_bylines_html... OK
  Applying stories.0009_story_media_aspect_ratios... OK
  Applying stories.0010_inlinelink_link_name... OK
  Applying stories.0011_story_related_stories... OK
  Applying stories.0012_auto_20180801_2047... OK
  Applying stories.0013_auto_20181117_0241... OK
  Applying stories.0014_auto_20190219_1945... OK
  Applying stories.0015_story_strossle_enabled... OK
  Applying stories.0016_auto_20190219_2123... OK
  Applying thumbnail.0001_initial... OK
Deleting 'timeshift/snapshots/2019-03-10_14-00-01/info.json'
--- reload OK ---
