2014-04-28 21:33:12 [2825] [INFO] Handling signal: term
2014-04-28 19:33:12 [12573] [INFO] Worker exiting (pid: 12573)
2014-04-28 21:33:12 [12505] [INFO] Worker exiting (pid: 12505)
2014-04-28 19:33:12 [12525] [INFO] Worker exiting (pid: 12525)
2014-04-28 21:33:13 [2825] [INFO] Shutting down: Master
Starting universitas.no as django_user
2014-04-28 21:33:14 [7852] [INFO] Starting gunicorn 18.0
2014-04-28 21:33:14 [7852] [INFO] Listening at: http://127.0.0.1:8000 (7852)
2014-04-28 21:33:14 [7852] [INFO] Using worker: sync
2014-04-28 21:33:14 [7897] [INFO] Booting worker with pid: 7897
2014-04-28 21:33:14 [7898] [INFO] Booting worker with pid: 7898
2014-04-28 21:33:14 [7899] [INFO] Booting worker with pid: 7899
2014-04-28 21:38:08 [7852] [INFO] Handling signal: term
2014-04-28 21:38:08 [7897] [INFO] Worker exiting (pid: 7897)
2014-04-28 21:38:08 [7899] [INFO] Worker exiting (pid: 7899)
2014-04-28 21:38:08 [7898] [INFO] Worker exiting (pid: 7898)
2014-04-28 21:38:08 [7852] [INFO] Shutting down: Master
Starting universitas.no as django_user
2014-04-28 21:40:40 [25972] [INFO] Starting gunicorn 18.0
2014-04-28 21:40:40 [25972] [INFO] Listening at: http://127.0.0.1:8000 (25972)
2014-04-28 21:40:40 [25972] [INFO] Using worker: sync
2014-04-28 21:40:40 [25981] [INFO] Booting worker with pid: 25981
2014-04-28 21:40:40 [25982] [INFO] Booting worker with pid: 25982
2014-04-28 21:40:40 [25983] [INFO] Booting worker with pid: 25983
2014-04-28 22:23:09 [25972] [INFO] Handling signal: term
2014-04-28 20:23:09 [25981] [INFO] Worker exiting (pid: 25981)
2014-04-28 20:23:09 [25982] [INFO] Worker exiting (pid: 25982)
2014-04-28 20:23:09 [25983] [INFO] Worker exiting (pid: 25983)
2014-04-28 22:23:09 [25972] [INFO] Shutting down: Master
Starting universitas.no as django_user
2014-04-28 22:23:10 [3777] [INFO] Starting gunicorn 18.0
2014-04-28 22:23:10 [3777] [DEBUG] Arbiter booted
2014-04-28 22:23:10 [3777] [INFO] Listening at: unix:/srv/universitas_project/run/gunicorn.sock (3777)
2014-04-28 22:23:10 [3777] [INFO] Using worker: sync
2014-04-28 22:23:10 [3789] [INFO] Booting worker with pid: 3789
2014-04-28 22:23:10 [3790] [INFO] Booting worker with pid: 3790
2014-04-28 22:23:10 [3791] [INFO] Booting worker with pid: 3791
2014-04-28 22:23:17 [3790] [DEBUG] GET /
2014-04-28 22:24:22 [3777] [INFO] Handling signal: term
2014-04-28 22:24:22 [3789] [INFO] Worker exiting (pid: 3789)
2014-04-28 22:24:22 [3791] [INFO] Worker exiting (pid: 3791)
2014-04-28 20:24:22 [3790] [INFO] Worker exiting (pid: 3790)
2014-04-28 22:24:22 [3777] [INFO] Shutting down: Master
Starting universitas.no as django_user
2014-04-28 22:24:23 [7173] [INFO] Starting gunicorn 18.0
2014-04-28 22:24:23 [7173] [DEBUG] Arbiter booted
2014-04-28 22:24:23 [7173] [INFO] Listening at: unix:/srv/universitas_project/run/gunicorn.sock (7173)
2014-04-28 22:24:23 [7173] [INFO] Using worker: sync
2014-04-28 22:24:23 [7202] [INFO] Booting worker with pid: 7202
2014-04-28 22:24:23 [7203] [INFO] Booting worker with pid: 7203
2014-04-28 22:24:24 [7205] [INFO] Booting worker with pid: 7205
2014-04-28 22:24:36 [7203] [DEBUG] GET /
2014-04-28 22:25:00 [7202] [DEBUG] GET /
2014-04-28 22:25:05 [7205] [DEBUG] GET /
2014-04-28 20:37:32 [7202] [DEBUG] GET /
